<?xml version="1.0" encoding="UTF-8"?>
<!-- Generated by org.testng.reporters.JUnitReportReporter -->
<testsuite hostname="Manoj_Kumar_M" failures="0" tests="1" name="testscriptstest.Interactions" time="14.741" errors="0" timestamp="2024-06-23T12:52:26 IST" skipped="0">
  <testcase classname="testscriptstest.Interactions" name="interactions" time="14.741"/>
</testsuite> <!-- testscriptstest.Interactions -->
