<?xml version="1.0" encoding="UTF-8"?>
<!-- Generated by org.testng.reporters.JUnitReportReporter -->
<testsuite hostname="Manoj_Kumar_M" failures="0" tests="1" name="testscriptstest.DummyClass" time="14.350" errors="0" timestamp="2024-06-24T16:48:59 IST" skipped="0">
  <testcase classname="testscriptstest.DummyClass" name="simpleTest" time="14.350"/>
</testsuite> <!-- testscriptstest.DummyClass -->
